<?xml version="1.0" encoding="UTF-8"?>
<!-- Generated by org.testng.reporters.JUnitXMLReporter -->
<testsuite ignored="1" hostname="DESKTOP-IH8BOCN" failures="0" tests="1" name="SeleniumEasyTests" time="1138.268" errors="0" timestamp="2022-12-14T10:20:24 IST">
  <testcase classname="com.seleniumeasy.tests.SimpleFormTest" name="ReadExcelData" time="1138.091"/>
  <testcase classname="com.seleniumeasy.tests.SimpleFormTest" name="AnnotationDemonstration" time="0.0">
    <ignored/>
  </testcase> <!-- AnnotationDemonstration -->
</testsuite> <!-- SeleniumEasyTests -->
