<?xml version="1.0" encoding="UTF-8"?>
<!-- Generated by org.testng.reporters.JUnitXMLReporter -->
<testsuite ignored="0" hostname="DESKTOP-IH8BOCN" failures="0" tests="4" name="Command line test" time="12.069" errors="0" timestamp="2022-12-07T10:45:12 IST">
  <testcase classname="com.seleniumeasy.tests.HomeTest" name="VerifySeleniumEasyHomeHeaderMenus" time="6.868"/>
  <testcase classname="com.seleniumeasy.tests.HomeTest" name="VerifySeleniumEasyHomePageIsDisplayedTest" time="3.138"/>
  <testcase classname="com.seleniumeasy.tests.SimpleFormTest" name="AnnotationDemonstration" time="0.0"/>
  <testcase classname="com.seleniumeasy.tests.SimpleFormTest" name="ReadExcelData" time="1.5"/>
</testsuite> <!-- Command line test -->
