<?xml version="1.0" encoding="UTF-8"?>
<!-- Generated by org.testng.reporters.JUnitXMLReporter -->
<testsuite ignored="0" hostname="DESKTOP-IH8BOCN" failures="0" tests="3" name="Command line test" time="12.43" errors="0" timestamp="2022-12-05T10:33:57 IST">
  <testcase classname="com.seleniumeasy.tests.HomeTest" name="VerifySeleniumEasyHomeHeaderMenus" time="7.211"/>
  <testcase classname="com.seleniumeasy.tests.HomeTest" name="VerifySeleniumEasyHomePageIsDisplayedTest" time="4.165"/>
  <testcase classname="com.seleniumeasy.tests.SimpleFormTest" name="AnnotationDemonstration" time="0.001"/>
</testsuite> <!-- Command line test -->
