<?xml version="1.0" encoding="UTF-8"?>
<!-- Generated by org.testng.reporters.JUnitXMLReporter -->
<testsuite ignored="0" hostname="DESKTOP-IH8BOCN" failures="0" tests="2" name="SeleniumEasyTests" time="1.967" errors="0" timestamp="2022-12-07T10:47:58 IST">
  <testcase classname="com.seleniumeasy.tests.SimpleFormTest" name="AnnotationDemonstration" time="0.013"/>
  <testcase classname="com.seleniumeasy.tests.SimpleFormTest" name="ReadExcelData" time="1.737"/>
</testsuite> <!-- SeleniumEasyTests -->
