<?xml version="1.0" encoding="UTF-8"?>
<testng-results ignored="0" total="2" passed="2" failed="0" skipped="0">
  <reporter-output>
  </reporter-output>
  <suite started-at="2022-12-07T10:47:56 IST" name="Suite" finished-at="2022-12-07T10:47:58 IST" duration-ms="1967">
    <groups>
    </groups>
    <test started-at="2022-12-07T10:47:56 IST" name="SeleniumEasyTests" finished-at="2022-12-07T10:47:58 IST" duration-ms="1967">
      <class name="com.seleniumeasy.tests.SimpleFormTest">
        <test-method signature="AnnotationDemonstration()[pri:0, instance:com.seleniumeasy.tests.SimpleFormTest@a2431d0]" started-at="2022-12-07T10:47:56 IST" name="AnnotationDemonstration" finished-at="2022-12-07T10:47:56 IST" duration-ms="13" status="PASS">
          <reporter-output>
          </reporter-output>
        </test-method> <!-- AnnotationDemonstration -->
        <test-method signature="ReadExcelData()[pri:0, instance:com.seleniumeasy.tests.SimpleFormTest@a2431d0]" started-at="2022-12-07T10:47:56 IST" name="ReadExcelData" finished-at="2022-12-07T10:47:58 IST" duration-ms="1737" status="PASS">
          <reporter-output>
          </reporter-output>
        </test-method> <!-- ReadExcelData -->
      </class> <!-- com.seleniumeasy.tests.SimpleFormTest -->
    </test> <!-- SeleniumEasyTests -->
  </suite> <!-- Suite -->
</testng-results>
