<?xml version="1.0" encoding="UTF-8"?>
<testng-results ignored="1" total="2" passed="1" failed="0" skipped="0">
  <reporter-output>
  </reporter-output>
  <suite started-at="2022-12-14T10:01:25 IST" name="Suite" finished-at="2022-12-14T10:20:24 IST" duration-ms="1138268">
    <groups>
    </groups>
    <test started-at="2022-12-14T10:01:25 IST" name="SeleniumEasyTests" finished-at="2022-12-14T10:20:24 IST" duration-ms="1138268">
      <class name="com.seleniumeasy.tests.SimpleFormTest">
        <test-method signature="ReadExcelData()[pri:0, instance:com.seleniumeasy.tests.SimpleFormTest@4a7f959b]" started-at="2022-12-14T10:01:26 IST" name="ReadExcelData" finished-at="2022-12-14T10:20:24 IST" duration-ms="1138091" status="PASS">
          <reporter-output>
          </reporter-output>
        </test-method> <!-- ReadExcelData -->
      </class> <!-- com.seleniumeasy.tests.SimpleFormTest -->
    </test> <!-- SeleniumEasyTests -->
  </suite> <!-- Suite -->
</testng-results>
